\BOOKMARK [1][-]{section.1}{\376\377\136\217\212\326}{}% 1
\BOOKMARK [2][-]{subsection.1.1}{\376\377\200\314\146\157\060\150\212\262\230\114}{section.1}% 2
\BOOKMARK [2][-]{subsection.1.2}{\376\377\143\320\150\110\142\113\154\325}{section.1}% 3
\BOOKMARK [2][-]{subsection.1.3}{\376\377\214\242\163\056}{section.1}% 4
\BOOKMARK [1][-]{section.2}{\376\377\121\110\210\114\170\024\172\166}{}% 5
\BOOKMARK [2][-]{subsection.2.1}{\376\377\212\215\167\345\060\327\060\355\060\273\060\271\060\156\060\342\060\307\060\353\123\026}{section.2}% 6
\BOOKMARK [2][-]{subsection.2.2}{\376\377\122\066\137\241\164\006\212\326\060\153\060\112\060\121\060\213\060\355\060\320\060\271\060\310\140\047}{section.2}% 7
\BOOKMARK [1][-]{section.3}{\376\377\170\024\172\166\142\113\154\325}{}% 8
\BOOKMARK [2][-]{subsection.3.1}{\376\377\060\267\060\271\060\306\060\340\151\202\211\201}{section.3}% 9
\BOOKMARK [2][-]{subsection.3.2}{\376\377\122\066\137\241\133\376\214\141\377\032\000D\000o\000u\000b\000l\000e\000-\000W\000e\000l\000l\000\040\000P\000o\000t\000e\000n\000t\000i\000a\000l}{section.3}% 10
\BOOKMARK [2][-]{subsection.3.3}{\376\377\060\263\060\363\060\310\060\355\060\374\060\351\060\374\212\055\212\010\377\032\000C\000-\000S\000M\000C}{section.3}% 11
\BOOKMARK [1][-]{section.4}{\376\377\133\237\232\023\060\150\175\120\147\234}{}% 12
\BOOKMARK [2][-]{subsection.4.1}{\376\377\120\013\116\272\135\356\060\156\151\034\212\074}{section.4}% 13
\BOOKMARK [2][-]{subsection.4.2}{\376\377\060\267\060\337\060\345\060\354\060\374\060\267\060\347\060\363\147\141\116\366}{section.4}% 14
\BOOKMARK [2][-]{subsection.4.3}{\376\377\060\342\060\307\060\353\060\156\145\160\164\006\166\204\140\047\214\352\060\150\143\031\122\325\211\343\147\220}{section.4}% 15
\BOOKMARK [3][-]{subsubsection.4.3.1}{\376\377\060\335\060\306\060\363\060\267\060\343\060\353\127\060\137\142\060\156\122\325\166\204\131\011\133\271}{subsection.4.3}% 16
\BOOKMARK [3][-]{subsubsection.4.3.2}{\376\377\060\301\060\343\060\277\060\352\060\363\060\260\060\150\212\215\167\345\166\204\214\240\203\167}{subsection.4.3}% 17
\BOOKMARK [2][-]{subsection.4.4}{\376\377\175\120\147\234\000:\000\040\131\061\145\127\060\261\060\374\060\271}{section.4}% 18
\BOOKMARK [2][-]{subsection.4.5}{\376\377\147\000\175\102\175\120\147\234\000\040\000\050\000P\000h\000a\000s\000e\000\040\0004\000\051}{section.4}% 19
\BOOKMARK [2][-]{subsection.4.6}{\376\377\212\163\175\060\211\343\147\220\377\032\212\215\167\345\060\257\060\355\060\316\060\355\060\270\060\374}{section.4}% 20
\BOOKMARK [1][-]{section.5}{\376\377\200\003\133\337\377\032\133\237\171\076\117\032\133\237\210\305\060\153\124\021\060\121\060\137\212\055\212\010\143\007\221\335}{}% 21
\BOOKMARK [2][-]{subsection.5.1}{\376\377\171\076\117\032\133\237\210\305\060\156\175\114\156\010\166\204\060\373\154\325\166\204\117\241\120\044}{section.5}% 22
\BOOKMARK [2][-]{subsection.5.2}{\376\377\147\054\142\113\154\325\060\156\122\066\175\004\116\213\230\005\000\040\000\050\000L\000i\000m\000i\000t\000a\000t\000i\000o\000n\000s\000\051}{section.5}% 23
\BOOKMARK [1][-]{section.6}{\376\377\175\120\212\326}{}% 24
