This is pdfTeX, Version 3.141592653-2.6-1.40.27 (TeX Live 2025) (preloaded format=pdflatex 2026.1.17)  30 JAN 2026 15:02
entering extended mode
 restricted \write18 enabled.
 %&-line parsing enabled.
**sice_paper.tex
(./sice_paper.tex
LaTeX2e <2024-11-01> patch level 2
L3 programming layer <2025-01-18>
(/usr/local/texlive/2025/texmf-dist/tex/latex/base/article.cls
Document Class: article 2024/06/29 v1.4n Standard LaTeX document class
(/usr/local/texlive/2025/texmf-dist/tex/latex/base/size10.clo
File: size10.clo 2024/06/29 v1.4n Standard LaTeX file (size option)
)
\c@part=\count196
\c@section=\count197
\c@subsection=\count198
\c@subsubsection=\count199
\c@paragraph=\count266
\c@subparagraph=\count267
\c@figure=\count268
\c@table=\count269
\abovecaptionskip=\skip49
\belowcaptionskip=\skip50
\bibindent=\dimen141
)
(/usr/local/texlive/2025/texmf-dist/tex/latex/base/inputenc.sty
Package: inputenc 2024/02/08 v1.3d Input encoding file
\inpenc@prehook=\toks17
\inpenc@posthook=\toks18
)
(/usr/local/texlive/2025/texmf-dist/tex/latex/base/fontenc.sty
Package: fontenc 2021/04/29 v2.0v Standard LaTeX package
)
(/usr/local/texlive/2025/texmf-dist/tex/latex/cjk/texinput/CJKutf8.sty
Package: CJKutf8 2021/10/16 4.8.5

(/usr/local/texlive/2025/texmf-dist/tex/generic/iftex/ifpdf.sty
Package: ifpdf 2019/10/25 v3.4 ifpdf legacy package. Use iftex instead.

(/usr/local/texlive/2025/texmf-dist/tex/generic/iftex/iftex.sty
Package: iftex 2024/12/12 v1.0g TeX engine tests
))
(/usr/local/texlive/2025/texmf-dist/tex/latex/cjk/texinput/CJK.sty
Package: CJK 2021/10/16 4.8.5

(/usr/local/texlive/2025/texmf-dist/tex/latex/cjk/texinput/mule/MULEenc.sty
Package: MULEenc 2021/10/16 4.8.5
)
(/usr/local/texlive/2025/texmf-dist/tex/latex/cjk/texinput/CJK.enc
File: CJK.enc 2021/10/16 4.8.5
Now handling font encoding C00 ...
... no UTF-8 mapping file for font encoding C00
Now handling font encoding C05 ...
... no UTF-8 mapping file for font encoding C05
Now handling font encoding C09 ...
... no UTF-8 mapping file for font encoding C09
Now handling font encoding C10 ...
... no UTF-8 mapping file for font encoding C10
Now handling font encoding C20 ...
... no UTF-8 mapping file for font encoding C20
Now handling font encoding C19 ...
... no UTF-8 mapping file for font encoding C19
Now handling font encoding C40 ...
... no UTF-8 mapping file for font encoding C40
Now handling font encoding C42 ...
... no UTF-8 mapping file for font encoding C42
Now handling font encoding C43 ...
... no UTF-8 mapping file for font encoding C43
Now handling font encoding C50 ...
... no UTF-8 mapping file for font encoding C50
Now handling font encoding C52 ...
... no UTF-8 mapping file for font encoding C52
Now handling font encoding C49 ...
... no UTF-8 mapping file for font encoding C49
Now handling font encoding C60 ...
... no UTF-8 mapping file for font encoding C60
Now handling font encoding C61 ...
... no UTF-8 mapping file for font encoding C61
Now handling font encoding C63 ...
... no UTF-8 mapping file for font encoding C63
Now handling font encoding C64 ...
... no UTF-8 mapping file for font encoding C64
Now handling font encoding C65 ...
... no UTF-8 mapping file for font encoding C65
Now handling font encoding C70 ...
... no UTF-8 mapping file for font encoding C70
Now handling font encoding C31 ...
... no UTF-8 mapping file for font encoding C31
Now handling font encoding C32 ...
... no UTF-8 mapping file for font encoding C32
Now handling font encoding C33 ...
... no UTF-8 mapping file for font encoding C33
Now handling font encoding C34 ...
... no UTF-8 mapping file for font encoding C34
Now handling font encoding C35 ...
... no UTF-8 mapping file for font encoding C35
Now handling font encoding C36 ...
... no UTF-8 mapping file for font encoding C36
Now handling font encoding C37 ...
... no UTF-8 mapping file for font encoding C37
Now handling font encoding C80 ...
... no UTF-8 mapping file for font encoding C80
Now handling font encoding C81 ...
... no UTF-8 mapping file for font encoding C81
Now handling font encoding C01 ...
... no UTF-8 mapping file for font encoding C01
Now handling font encoding C11 ...
... no UTF-8 mapping file for font encoding C11
Now handling font encoding C21 ...
... no UTF-8 mapping file for font encoding C21
Now handling font encoding C41 ...
... no UTF-8 mapping file for font encoding C41
Now handling font encoding C62 ...
... no UTF-8 mapping file for font encoding C62
)
\CJK@indent=\box52
)
(/usr/local/texlive/2025/texmf-dist/tex/latex/base/fontenc.sty
Package: fontenc 2021/04/29 v2.0v Standard LaTeX package
))
(/usr/local/texlive/2025/texmf-dist/tex/latex/amsmath/amsmath.sty
Package: amsmath 2024/11/05 v2.17t AMS math features
\@mathmargin=\skip51

For additional information on amsmath, use the `?' option.
(/usr/local/texlive/2025/texmf-dist/tex/latex/amsmath/amstext.sty
Package: amstext 2021/08/26 v2.01 AMS text

(/usr/local/texlive/2025/texmf-dist/tex/latex/amsmath/amsgen.sty
File: amsgen.sty 1999/11/30 v2.0 generic functions
\@emptytoks=\toks19
\ex@=\dimen142
))
(/usr/local/texlive/2025/texmf-dist/tex/latex/amsmath/amsbsy.sty
Package: amsbsy 1999/11/29 v1.2d Bold Symbols
\pmbraise@=\dimen143
)
(/usr/local/texlive/2025/texmf-dist/tex/latex/amsmath/amsopn.sty
Package: amsopn 2022/04/08 v2.04 operator names
)
\inf@bad=\count270
LaTeX Info: Redefining \frac on input line 233.
\uproot@=\count271
\leftroot@=\count272
LaTeX Info: Redefining \overline on input line 398.
LaTeX Info: Redefining \colon on input line 409.
\classnum@=\count273
\DOTSCASE@=\count274
LaTeX Info: Redefining \ldots on input line 495.
LaTeX Info: Redefining \dots on input line 498.
LaTeX Info: Redefining \cdots on input line 619.
\Mathstrutbox@=\box53
\strutbox@=\box54
LaTeX Info: Redefining \big on input line 721.
LaTeX Info: Redefining \Big on input line 722.
LaTeX Info: Redefining \bigg on input line 723.
LaTeX Info: Redefining \Bigg on input line 724.
\big@size=\dimen144
LaTeX Font Info:    Redeclaring font encoding OML on input line 742.
LaTeX Font Info:    Redeclaring font encoding OMS on input line 743.
\macc@depth=\count275
LaTeX Info: Redefining \bmod on input line 904.
LaTeX Info: Redefining \pmod on input line 909.
LaTeX Info: Redefining \smash on input line 939.
LaTeX Info: Redefining \relbar on input line 969.
LaTeX Info: Redefining \Relbar on input line 970.
\c@MaxMatrixCols=\count276
\dotsspace@=\muskip17
\c@parentequation=\count277
\dspbrk@lvl=\count278
\tag@help=\toks20
\row@=\count279
\column@=\count280
\maxfields@=\count281
\andhelp@=\toks21
\eqnshift@=\dimen145
\alignsep@=\dimen146
\tagshift@=\dimen147
\tagwidth@=\dimen148
\totwidth@=\dimen149
\lineht@=\dimen150
\@envbody=\toks22
\multlinegap=\skip52
\multlinetaggap=\skip53
\mathdisplay@stack=\toks23
LaTeX Info: Redefining \[ on input line 2953.
LaTeX Info: Redefining \] on input line 2954.
)
(/usr/local/texlive/2025/texmf-dist/tex/latex/amsfonts/amssymb.sty
Package: amssymb 2013/01/14 v3.01 AMS font symbols

(/usr/local/texlive/2025/texmf-dist/tex/latex/amsfonts/amsfonts.sty
Package: amsfonts 2013/01/14 v3.01 Basic AMSFonts support
\symAMSa=\mathgroup4
\symAMSb=\mathgroup5
LaTeX Font Info:    Redeclaring math symbol \hbar on input line 98.
LaTeX Font Info:    Overwriting math alphabet `\mathfrak' in version `bold'
(Font)                  U/euf/m/n --> U/euf/b/n on input line 106.
))
(/usr/local/texlive/2025/texmf-dist/tex/latex/graphics/graphicx.sty
Package: graphicx 2021/09/16 v1.2d Enhanced LaTeX Graphics (DPC,SPQR)

(/usr/local/texlive/2025/texmf-dist/tex/latex/graphics/keyval.sty
Package: keyval 2022/05/29 v1.15 key=value parser (DPC)
\KV@toks@=\toks24
)
(/usr/local/texlive/2025/texmf-dist/tex/latex/graphics/graphics.sty
Package: graphics 2024/08/06 v1.4g Standard LaTeX Graphics (DPC,SPQR)

(/usr/local/texlive/2025/texmf-dist/tex/latex/graphics/trig.sty
Package: trig 2023/12/02 v1.11 sin cos tan (DPC)
)
(/usr/local/texlive/2025/texmf-dist/tex/latex/graphics-cfg/graphics.cfg
File: graphics.cfg 2016/06/04 v1.11 sample graphics configuration
)
Package graphics Info: Driver file: pdftex.def on input line 106.

(/usr/local/texlive/2025/texmf-dist/tex/latex/graphics-def/pdftex.def
File: pdftex.def 2024/04/13 v1.2c Graphics/color driver for pdftex
))
\Gin@req@height=\dimen151
\Gin@req@width=\dimen152
)
(/usr/local/texlive/2025/texmf-dist/tex/latex/booktabs/booktabs.sty
Package: booktabs 2020/01/12 v1.61803398 Publication quality tables
\heavyrulewidth=\dimen153
\lightrulewidth=\dimen154
\cmidrulewidth=\dimen155
\belowrulesep=\dimen156
\belowbottomsep=\dimen157
\aboverulesep=\dimen158
\abovetopsep=\dimen159
\cmidrulesep=\dimen160
\cmidrulekern=\dimen161
\defaultaddspace=\dimen162
\@cmidla=\count282
\@cmidlb=\count283
\@aboverulesep=\dimen163
\@belowrulesep=\dimen164
\@thisruleclass=\count284
\@lastruleclass=\count285
\@thisrulewidth=\dimen165
)
(/usr/local/texlive/2025/texmf-dist/tex/latex/hyperref/hyperref.sty
Package: hyperref 2024-11-05 v7.01l Hypertext links for LaTeX

(/usr/local/texlive/2025/texmf-dist/tex/latex/kvsetkeys/kvsetkeys.sty
Package: kvsetkeys 2022-10-05 v1.19 Key value parser (HO)
)
(/usr/local/texlive/2025/texmf-dist/tex/generic/kvdefinekeys/kvdefinekeys.sty
Package: kvdefinekeys 2019-12-19 v1.6 Define keys (HO)
)
(/usr/local/texlive/2025/texmf-dist/tex/generic/pdfescape/pdfescape.sty
Package: pdfescape 2019/12/09 v1.15 Implements pdfTeX's escape features (HO)

(/usr/local/texlive/2025/texmf-dist/tex/generic/ltxcmds/ltxcmds.sty
Package: ltxcmds 2023-12-04 v1.26 LaTeX kernel commands for general use (HO)
)
(/usr/local/texlive/2025/texmf-dist/tex/generic/pdftexcmds/pdftexcmds.sty
Package: pdftexcmds 2020-06-27 v0.33 Utility functions of pdfTeX for LuaTeX (HO
)

(/usr/local/texlive/2025/texmf-dist/tex/generic/infwarerr/infwarerr.sty
Package: infwarerr 2019/12/03 v1.5 Providing info/warning/error messages (HO)
)
Package pdftexcmds Info: \pdf@primitive is available.
Package pdftexcmds Info: \pdf@ifprimitive is available.
Package pdftexcmds Info: \pdfdraftmode found.
))
(/usr/local/texlive/2025/texmf-dist/tex/latex/hycolor/hycolor.sty
Package: hycolor 2020-01-27 v1.10 Color options for hyperref/bookmark (HO)
)
(/usr/local/texlive/2025/texmf-dist/tex/latex/hyperref/nameref.sty
Package: nameref 2023-11-26 v2.56 Cross-referencing by name of section

(/usr/local/texlive/2025/texmf-dist/tex/latex/refcount/refcount.sty
Package: refcount 2019/12/15 v3.6 Data extraction from label references (HO)
)
(/usr/local/texlive/2025/texmf-dist/tex/generic/gettitlestring/gettitlestring.s
ty
Package: gettitlestring 2019/12/15 v1.6 Cleanup title references (HO)
 (/usr/local/texlive/2025/texmf-dist/tex/latex/kvoptions/kvoptions.sty
Package: kvoptions 2022-06-15 v3.15 Key value format for package options (HO)
))
\c@section@level=\count286
)
(/usr/local/texlive/2025/texmf-dist/tex/latex/etoolbox/etoolbox.sty
Package: etoolbox 2025/02/11 v2.5l e-TeX tools for LaTeX (JAW)
\etb@tempcnta=\count287
)
(/usr/local/texlive/2025/texmf-dist/tex/generic/stringenc/stringenc.sty
Package: stringenc 2019/11/29 v1.12 Convert strings between diff. encodings (HO
)
)
\@linkdim=\dimen166
\Hy@linkcounter=\count288
\Hy@pagecounter=\count289

(/usr/local/texlive/2025/texmf-dist/tex/latex/hyperref/pd1enc.def
File: pd1enc.def 2024-11-05 v7.01l Hyperref: PDFDocEncoding definition (HO)
Now handling font encoding PD1 ...
... no UTF-8 mapping file for font encoding PD1
)
(/usr/local/texlive/2025/texmf-dist/tex/generic/intcalc/intcalc.sty
Package: intcalc 2019/12/15 v1.3 Expandable calculations with integers (HO)
)
\Hy@SavedSpaceFactor=\count290

(/usr/local/texlive/2025/texmf-dist/tex/latex/hyperref/puenc.def
File: puenc.def 2024-11-05 v7.01l Hyperref: PDF Unicode definition (HO)
Now handling font encoding PU ...
... no UTF-8 mapping file for font encoding PU
)
Package hyperref Info: Hyper figures OFF on input line 4157.
Package hyperref Info: Link nesting OFF on input line 4162.
Package hyperref Info: Hyper index ON on input line 4165.
Package hyperref Info: Plain pages OFF on input line 4172.
Package hyperref Info: Backreferencing OFF on input line 4177.
Package hyperref Info: Implicit mode ON; LaTeX internals redefined.
Package hyperref Info: Bookmarks ON on input line 4424.
\c@Hy@tempcnt=\count291

(/usr/local/texlive/2025/texmf-dist/tex/latex/url/url.sty
\Urlmuskip=\muskip18
Package: url 2013/09/16  ver 3.4  Verb mode for urls, etc.
)
LaTeX Info: Redefining \url on input line 4763.
\XeTeXLinkMargin=\dimen167

(/usr/local/texlive/2025/texmf-dist/tex/generic/bitset/bitset.sty
Package: bitset 2019/12/09 v1.3 Handle bit-vector datatype (HO)

(/usr/local/texlive/2025/texmf-dist/tex/generic/bigintcalc/bigintcalc.sty
Package: bigintcalc 2019/12/15 v1.5 Expandable calculations on big integers (HO
)
))
\Fld@menulength=\count292
\Field@Width=\dimen168
\Fld@charsize=\dimen169
Package hyperref Info: Hyper figures OFF on input line 6042.
Package hyperref Info: Link nesting OFF on input line 6047.
Package hyperref Info: Hyper index ON on input line 6050.
Package hyperref Info: backreferencing OFF on input line 6057.
Package hyperref Info: Link coloring OFF on input line 6062.
Package hyperref Info: Link coloring with OCG OFF on input line 6067.
Package hyperref Info: PDF/A mode OFF on input line 6072.

(/usr/local/texlive/2025/texmf-dist/tex/latex/base/atbegshi-ltx.sty
Package: atbegshi-ltx 2021/01/10 v1.0c Emulation of the original atbegshi
package with kernel methods
)
\Hy@abspage=\count293
\c@Item=\count294
\c@Hfootnote=\count295
)
Package hyperref Info: Driver (autodetected): hpdftex.

(/usr/local/texlive/2025/texmf-dist/tex/latex/hyperref/hpdftex.def
File: hpdftex.def 2024-11-05 v7.01l Hyperref driver for pdfTeX

(/usr/local/texlive/2025/texmf-dist/tex/latex/base/atveryend-ltx.sty
Package: atveryend-ltx 2020/08/19 v1.0a Emulation of the original atveryend pac
kage
with kernel methods
)
\Fld@listcount=\count296
\c@bookmark@seq@number=\count297

(/usr/local/texlive/2025/texmf-dist/tex/latex/rerunfilecheck/rerunfilecheck.sty
Package: rerunfilecheck 2022-07-10 v1.10 Rerun checks for auxiliary files (HO)

(/usr/local/texlive/2025/texmf-dist/tex/generic/uniquecounter/uniquecounter.sty
Package: uniquecounter 2019/12/15 v1.4 Provide unlimited unique counter (HO)
)
Package uniquecounter Info: New unique counter `rerunfilecheck' on input line 2
85.
)
\Hy@SectionHShift=\skip54
) (/usr/local/texlive/2025/texmf-dist/tex/latex/geometry/geometry.sty
Package: geometry 2020/01/02 v5.9 Page Geometry

(/usr/local/texlive/2025/texmf-dist/tex/generic/iftex/ifvtex.sty
Package: ifvtex 2019/10/25 v1.7 ifvtex legacy package. Use iftex instead.
)
\Gm@cnth=\count298
\Gm@cntv=\count299
\c@Gm@tempcnt=\count300
\Gm@bindingoffset=\dimen170
\Gm@wd@mp=\dimen171
\Gm@odd@mp=\dimen172
\Gm@even@mp=\dimen173
\Gm@layoutwidth=\dimen174
\Gm@layoutheight=\dimen175
\Gm@layouthoffset=\dimen176
\Gm@layoutvoffset=\dimen177
\Gm@dimlist=\toks25
)
(/usr/local/texlive/2025/texmf-dist/tex/latex/titlesec/titlesec.sty
Package: titlesec 2025/01/04 v2.17 Sectioning titles
\ttl@box=\box55
\beforetitleunit=\skip55
\aftertitleunit=\skip56
\ttl@plus=\dimen178
\ttl@minus=\dimen179
\ttl@toksa=\toks26
\titlewidth=\dimen180
\titlewidthlast=\dimen181
\titlewidthfirst=\dimen182
)
(/usr/local/texlive/2025/texmf-dist/tex/latex/fancyhdr/fancyhdr.sty
Package: fancyhdr 2025/02/07 v5.2 Extensive control of page headers and footers

\f@nch@headwidth=\skip57
\f@nch@offset@elh=\skip58
\f@nch@offset@erh=\skip59
\f@nch@offset@olh=\skip60
\f@nch@offset@orh=\skip61
\f@nch@offset@elf=\skip62
\f@nch@offset@erf=\skip63
\f@nch@offset@olf=\skip64
\f@nch@offset@orf=\skip65
\f@nch@height=\skip66
\f@nch@footalignment=\skip67
\f@nch@widthL=\skip68
\f@nch@widthC=\skip69
\f@nch@widthR=\skip70
\@temptokenb=\toks27
)
(/usr/local/texlive/2025/texmf-dist/tex/latex/float/float.sty
Package: float 2001/11/08 v1.3d Float enhancements (AL)
\c@float@type=\count301
\float@exts=\toks28
\float@box=\box56
\@float@everytoks=\toks29
\@floatcapt=\box57
)
(/usr/local/texlive/2025/texmf-dist/tex/latex/caption/caption.sty
Package: caption 2023/08/05 v3.6o Customizing captions (AR)

(/usr/local/texlive/2025/texmf-dist/tex/latex/caption/caption3.sty
Package: caption3 2023/07/31 v2.4d caption3 kernel (AR)
\caption@tempdima=\dimen183
\captionmargin=\dimen184
\caption@leftmargin=\dimen185
\caption@rightmargin=\dimen186
\caption@width=\dimen187
\caption@indent=\dimen188
\caption@parindent=\dimen189
\caption@hangindent=\dimen190
Package caption Info: Standard document class detected.
)
\c@caption@flags=\count302
\c@continuedfloat=\count303
Package caption Info: float package is loaded.
Package caption Info: hyperref package is loaded.
)
(/usr/local/texlive/2025/texmf-dist/tex/latex/caption/subcaption.sty
Package: subcaption 2023/07/28 v1.6b Sub-captions (AR)
Package caption Info: New subtype `subfigure' on input line 238.
\c@subfigure=\count304
Package caption Info: New subtype `subtable' on input line 238.
\c@subtable=\count305
)
(/usr/local/texlive/2025/texmf-dist/tex/latex/enumitem/enumitem.sty
Package: enumitem 2025/02/06 v3.11 Customized lists
\labelindent=\skip71
\enit@outerparindent=\dimen191
\enit@toks=\toks30
\enit@inbox=\box58
\enit@count@id=\count306
\enitdp@description=\count307
)
(/usr/local/texlive/2025/texmf-dist/tex/latex/l3backend/l3backend-pdftex.def
File: l3backend-pdftex.def 2024-05-08 L3 backend support: PDF output (pdfTeX)
\l__color_backend_stack_int=\count308
\l__pdf_internal_box=\box59
)
(./sice_paper.aux)
\openout1 = `sice_paper.aux'.

LaTeX Font Info:    Checking defaults for OML/cmm/m/it on input line 37.
LaTeX Font Info:    ... okay on input line 37.
LaTeX Font Info:    Checking defaults for OMS/cmsy/m/n on input line 37.
LaTeX Font Info:    ... okay on input line 37.
LaTeX Font Info:    Checking defaults for OT1/cmr/m/n on input line 37.
LaTeX Font Info:    ... okay on input line 37.
LaTeX Font Info:    Checking defaults for T1/cmr/m/n on input line 37.
LaTeX Font Info:    ... okay on input line 37.
LaTeX Font Info:    Checking defaults for TS1/cmr/m/n on input line 37.
LaTeX Font Info:    ... okay on input line 37.
LaTeX Font Info:    Checking defaults for OMX/cmex/m/n on input line 37.
LaTeX Font Info:    ... okay on input line 37.
LaTeX Font Info:    Checking defaults for U/cmr/m/n on input line 37.
LaTeX Font Info:    ... okay on input line 37.
LaTeX Font Info:    Checking defaults for C00/song/m/n on input line 37.
LaTeX Font Info:    ... okay on input line 37.
LaTeX Font Info:    Checking defaults for C05/song/m/n on input line 37.
LaTeX Font Info:    ... okay on input line 37.
LaTeX Font Info:    Checking defaults for C09/song/m/n on input line 37.
LaTeX Font Info:    ... okay on input line 37.
LaTeX Font Info:    Checking defaults for C10/song/m/n on input line 37.
LaTeX Font Info:    ... okay on input line 37.
LaTeX Font Info:    Checking defaults for C20/song/m/n on input line 37.
LaTeX Font Info:    ... okay on input line 37.
LaTeX Font Info:    Checking defaults for C19/song/m/n on input line 37.
LaTeX Font Info:    ... okay on input line 37.
LaTeX Font Info:    Checking defaults for C40/song/m/n on input line 37.
LaTeX Font Info:    ... okay on input line 37.
LaTeX Font Info:    Checking defaults for C42/song/m/n on input line 37.
LaTeX Font Info:    ... okay on input line 37.
LaTeX Font Info:    Checking defaults for C43/song/m/n on input line 37.
LaTeX Font Info:    ... okay on input line 37.
LaTeX Font Info:    Checking defaults for C50/song/m/n on input line 37.
LaTeX Font Info:    ... okay on input line 37.
LaTeX Font Info:    Checking defaults for C52/song/m/n on input line 37.
LaTeX Font Info:    ... okay on input line 37.
LaTeX Font Info:    Checking defaults for C49/song/m/n on input line 37.
LaTeX Font Info:    ... okay on input line 37.
LaTeX Font Info:    Checking defaults for C60/mj/m/n on input line 37.
LaTeX Font Info:    ... okay on input line 37.
LaTeX Font Info:    Checking defaults for C61/mj/m/n on input line 37.
LaTeX Font Info:    ... okay on input line 37.
LaTeX Font Info:    Checking defaults for C63/mj/m/n on input line 37.
LaTeX Font Info:    ... okay on input line 37.
LaTeX Font Info:    Checking defaults for C64/mj/m/n on input line 37.
LaTeX Font Info:    ... okay on input line 37.
LaTeX Font Info:    Checking defaults for C65/mj/m/n on input line 37.
LaTeX Font Info:    ... okay on input line 37.
LaTeX Font Info:    Checking defaults for C70/song/m/n on input line 37.
LaTeX Font Info:    ... okay on input line 37.
LaTeX Font Info:    Checking defaults for C31/song/m/n on input line 37.
LaTeX Font Info:    ... okay on input line 37.
LaTeX Font Info:    Checking defaults for C32/song/m/n on input line 37.
LaTeX Font Info:    ... okay on input line 37.
LaTeX Font Info:    Checking defaults for C33/song/m/n on input line 37.
LaTeX Font Info:    ... okay on input line 37.
LaTeX Font Info:    Checking defaults for C34/song/m/n on input line 37.
LaTeX Font Info:    ... okay on input line 37.
LaTeX Font Info:    Checking defaults for C35/song/m/n on input line 37.
LaTeX Font Info:    ... okay on input line 37.
LaTeX Font Info:    Checking defaults for C36/song/m/n on input line 37.
LaTeX Font Info:    ... okay on input line 37.
LaTeX Font Info:    Checking defaults for C37/song/m/n on input line 37.
LaTeX Font Info:    ... okay on input line 37.
LaTeX Font Info:    Checking defaults for C80/song/m/n on input line 37.
LaTeX Font Info:    ... okay on input line 37.
LaTeX Font Info:    Checking defaults for C81/song/m/n on input line 37.
LaTeX Font Info:    ... okay on input line 37.
LaTeX Font Info:    Checking defaults for C01/song/m/n on input line 37.
LaTeX Font Info:    ... okay on input line 37.
LaTeX Font Info:    Checking defaults for C11/song/m/n on input line 37.
LaTeX Font Info:    ... okay on input line 37.
LaTeX Font Info:    Checking defaults for C21/song/m/n on input line 37.
LaTeX Font Info:    ... okay on input line 37.
LaTeX Font Info:    Checking defaults for C41/song/m/n on input line 37.
LaTeX Font Info:    ... okay on input line 37.
LaTeX Font Info:    Checking defaults for C62/song/m/n on input line 37.
LaTeX Font Info:    ... okay on input line 37.
LaTeX Font Info:    Checking defaults for PD1/pdf/m/n on input line 37.
LaTeX Font Info:    ... okay on input line 37.
LaTeX Font Info:    Checking defaults for PU/pdf/m/n on input line 37.
LaTeX Font Info:    ... okay on input line 37.

(/usr/local/texlive/2025/texmf-dist/tex/context/base/mkii/supp-pdf.mkii
[Loading MPS to PDF converter (version 2006.09.02).]
\scratchcounter=\count309
\scratchdimen=\dimen192
\scratchbox=\box60
\nofMPsegments=\count310
\nofMParguments=\count311
\everyMPshowfont=\toks31
\MPscratchCnt=\count312
\MPscratchDim=\dimen193
\MPnumerator=\count313
\makeMPintoPDFobject=\count314
\everyMPtoPDFconversion=\toks32
) (/usr/local/texlive/2025/texmf-dist/tex/latex/epstopdf-pkg/epstopdf-base.sty
Package: epstopdf-base 2020-01-24 v2.11 Base part for package epstopdf
Package epstopdf-base Info: Redefining graphics rule for `.eps' on input line 4
85.

(/usr/local/texlive/2025/texmf-dist/tex/latex/latexconfig/epstopdf-sys.cfg
File: epstopdf-sys.cfg 2010/07/13 v1.3 Configuration of (r)epstopdf for TeX Liv
e
))
Package hyperref Info: Link coloring OFF on input line 37.

(./sice_paper.out) (./sice_paper.out)
\@outlinefile=\write3
\openout3 = `sice_paper.out'.


*geometry* driver: auto-detecting
*geometry* detected driver: pdftex
*geometry* verbose mode - [ preamble ] result:
* driver: pdftex
* paper: a4paper
* layout: <same size as paper>
* layoutoffset:(h,v)=(0.0pt,0.0pt)
* modes: 
* h-part:(L,W,R)=(42.67912pt, 512.14963pt, 42.67912pt)
* v-part:(T,H,B)=(51.21495pt, 742.61694pt, 51.21495pt)
* \paperwidth=597.50787pt
* \paperheight=845.04684pt
* \textwidth=512.14963pt
* \textheight=742.61694pt
* \oddsidemargin=-29.59087pt
* \evensidemargin=-29.59087pt
* \topmargin=-58.05504pt
* \headheight=12.0pt
* \headsep=25.0pt
* \topskip=10.0pt
* \footskip=30.0pt
* \marginparwidth=4.0pt
* \marginparsep=10.0pt
* \columnsep=10.0pt
* \skip\footins=9.0pt plus 4.0pt minus 2.0pt
* \hoffset=0.0pt
* \voffset=0.0pt
* \mag=1000
* \@twocolumntrue
* \@twosidefalse
* \@mparswitchfalse
* \@reversemarginfalse
* (1in=72.27pt=25.4mm, 1cm=28.453pt)

Package caption Info: Begin \AtBeginDocument code.
Package caption Info: End \AtBeginDocument code.
(/usr/local/texlive/2025/texmf-dist/tex/latex/cjk/texinput/UTF8/UTF8.bdg
File: UTF8.bdg 2021/10/16 4.8.5
)
(/usr/local/texlive/2025/texmf-dist/tex/latex/cjk/texinput/UTF8/UTF8.enc
File: UTF8.enc 2021/10/16 4.8.5
)
(/usr/local/texlive/2025/texmf-dist/tex/latex/cjk/texinput/UTF8/UTF8.chr
File: UTF8.chr 2021/10/16 4.8.5
)
LaTeX Font Info:    Trying to load font information for C70+ipxm on input line 
48.

(/usr/local/texlive/2025/texmf-dist/tex/latex/ipaex-type1/c70ipxm.fd
File: c70ipxm.fd 2018/05/05 v0.5
)
(/usr/local/texlive/2025/texmf-dist/tex/latex/ipaex-type1/c70ipxm.fdx
File: c70ipxm.fdx 2018/05/05 v0.5
)
LaTeX Font Info:    Font shape `C70/ipxm/bx/n'
(Font)              in size <14.4> not available.
(Font)              Font shape `C70/ipxm/m/n'
(Font)              tried instead on input line 48.
LaTeX Font Info:    Font shape `C70/ipxm/bx/n'
(Font)              in size <10> not available.
(Font)              Font shape `C70/ipxm/m/n'
(Font)              tried instead on input line 52.
LaTeX Font Info:    Font shape `C70/ipxm/bx/n'
(Font)              in size <12> not available.
(Font)              Font shape `C70/ipxm/m/n'
(Font)              tried instead on input line 57.


LaTeX Font Info:    Trying to load font information for U+msa on input line 74.

(/usr/local/texlive/2025/texmf-dist/tex/latex/amsfonts/umsa.fd
File: umsa.fd 2013/01/14 v3.01 AMS symbols A
)
LaTeX Font Info:    Trying to load font information for U+msb on input line 74.


(/usr/local/texlive/2025/texmf-dist/tex/latex/amsfonts/umsb.fd
File: umsb.fd 2013/01/14 v3.01 AMS symbols B
)
Underfull \hbox (badness 5893) in paragraph at lines 89--91
[]\T1/cmr/m/n/10 Utkin\C70/ipxm/m/n/10 ‰ k ˆ ‹ ¹ é ¤ Ç £ ó ° â ü É \C70/ipxm/m/
n/10 6 \C70/ipxm/m/n/10 ¡
 []



[1{/usr/local/texlive/2025/texmf-var/fonts/map/pdftex/updmap/pdftex.map}{/usr/l
ocal/texlive/2025/texmf-dist/fonts/enc/dvips/ipaex-type1/ipxt1-u30.enc}{/usr/lo
cal/texlive/2025/texmf-dist/fonts/enc/dvips/ipaex-type1/ipxt1-u98.enc}{/usr/loc
al/texlive/2025/texmf-dist/fonts/enc/dvips/ipaex-type1/ipxt1-u77.enc}{/usr/loca
l/texlive/2025/texmf-dist/fonts/enc/dvips/ipaex-type1/ipxt1-u76.enc}{/usr/local
/texlive/2025/texmf-dist/fonts/enc/dvips/ipaex-type1/ipxt1-u95.enc}{/usr/local/
texlive/2025/texmf-dist/fonts/enc/dvips/ipaex-type1/ipxt1-u65.enc}{/usr/local/t
exlive/2025/texmf-dist/fonts/enc/dvips/ipaex-type1/ipxt1-u74.enc}{/usr/local/te
xlive/2025/texmf-dist/fonts/enc/dvips/ipaex-type1/ipxt1-u96.enc}{/usr/local/tex
live/2025/texmf-dist/fonts/enc/dvips/ipaex-type1/ipxt1-uff.enc}{/usr/local/texl
ive/2025/texmf-dist/fonts/enc/dvips/ipaex-type1/ipxt1-u8a.enc}{/usr/local/texli
ve/2025/texmf-dist/fonts/enc/dvips/ipaex-type1/ipxt1-u52.enc}{/usr/local/texliv
e/2025/texmf-dist/fonts/enc/dvips/ipaex-type1/ipxt1-u5f.enc}{/usr/local/texlive
/2025/texmf-dist/fonts/enc/dvips/cm-super/cm-super-t1.enc}{/usr/local/texlive/2
025/texmf-dist/fonts/enc/dvips/ipaex-type1/ipxt1-u60.enc}{/usr/local/texlive/20
25/texmf-dist/fonts/enc/dvips/ipaex-type1/ipxt1-u8d.enc}{/usr/local/texlive/202
5/texmf-dist/fonts/enc/dvips/ipaex-type1/ipxt1-u5b.enc}{/usr/local/texlive/2025
/texmf-dist/fonts/enc/dvips/ipaex-type1/ipxt1-u53.enc}{/usr/local/texlive/2025/
texmf-dist/fonts/enc/dvips/ipaex-type1/ipxt1-u62.enc}{/usr/local/texlive/2025/t
exmf-dist/fonts/enc/dvips/ipaex-type1/ipxt1-u92.enc}{/usr/local/texlive/2025/te
xmf-dist/fonts/enc/dvips/ipaex-type1/ipxt1-u67.enc}{/usr/local/texlive/2025/tex
mf-dist/fonts/enc/dvips/ipaex-type1/ipxt1-u5e.enc}{/usr/local/texlive/2025/texm
f-dist/fonts/enc/dvips/ipaex-type1/ipxt1-u55.enc}


{/usr/local/texlive/2025/texmf-dist/fonts/enc/dvips/ipaex-type1/ipxt1-u78.enc}{
/usr/local/texlive/2025/texmf-dist/fonts/enc/dvips/ipaex-type1/ipxt1-u7a.enc}{/
usr/local/texlive/2025/texmf-dist/fonts/enc/dvips/ipaex-type1/ipxt1-u4e.enc}{/u
sr/local/texlive/2025/texmf-dist/fonts/enc/dvips/ipaex-type1/ipxt1-u80.enc}{/us
r/local/texlive/2025/texmf-dist/fonts/enc/dvips/ipaex-type1/ipxt1-u50.enc}{/usr
/local/texlive/2025/texmf-dist/fonts/enc/dvips/ipaex-type1/ipxt1-u6b.enc}{/usr/
local/texlive/2025/texmf-dist/fonts/enc/dvips/ipaex-type1/ipxt1-u73.enc}{/usr/l
ocal/texlive/2025/texmf-dist/fonts/enc/dvips/ipaex-type1/ipxt1-u8c.enc}{/usr/lo
cal/texlive/2025/texmf-dist/fonts/enc/dvips/ipaex-type1/ipxt1-u63.enc}{/usr/loc
al/texlive/2025/texmf-dist/fonts/enc/dvips/ipaex-type1/ipxt1-u68.enc}{/usr/loca
l/texlive/2025/texmf-dist/fonts/enc/dvips/ipaex-type1/ipxt1-u79.enc}{/usr/local
/texlive/2025/texmf-dist/fonts/enc/dvips/ipaex-type1/ipxt1-u72.enc}{/usr/local/
texlive/2025/texmf-dist/fonts/enc/dvips/ipaex-type1/ipxt1-u61.enc}{/usr/local/t
exlive/2025/texmf-dist/fonts/enc/dvips/ipaex-type1/ipxt1-u90.enc}{/usr/local/te
xlive/2025/texmf-dist/fonts/enc/dvips/ipaex-type1/ipxt1-u75.enc}{/usr/local/tex
live/2025/texmf-dist/fonts/enc/dvips/ipaex-type1/ipxt1-u69.enc}{/usr/local/texl
ive/2025/texmf-dist/fonts/enc/dvips/ipaex-type1/ipxt1-u7b.enc}{/usr/local/texli
ve/2025/texmf-dist/fonts/enc/dvips/ipaex-type1/ipxt1-u51.enc}{/usr/local/texliv
e/2025/texmf-dist/fonts/enc/dvips/ipaex-type1/ipxt1-u6c.enc}{/usr/local/texlive
/2025/texmf-dist/fonts/enc/dvips/ipaex-type1/ipxt1-u8f.enc}{/usr/local/texlive/
2025/texmf-dist/fonts/enc/dvips/ipaex-type1/ipxt1-u9a.enc}{/usr/local/texlive/2
025/texmf-dist/fonts/enc/dvips/ipaex-type1/ipxt1-u59.enc}{/usr/local/texlive/20
25/texmf-dist/fonts/enc/dvips/ipaex-type1/ipxt1-u89.enc}{/usr/local/texlive/202
5/texmf-dist/fonts/enc/dvips/ipaex-type1/ipxt1-u7d.enc}{/usr/local/texlive/2025
/texmf-dist/fonts/enc/dvips/ipaex-type1/ipxt1-u66.enc}{/usr/local/texlive/2025/
texmf-dist/fonts/enc/dvips/ipaex-type1/ipxt1-u7c.enc}{/usr/local/texlive/2025/t
exmf-dist/fonts/enc/dvips/ipaex-type1/ipxt1-u97.enc}{/usr/local/texlive/2025/te
xmf-dist/fonts/enc/dvips/ipaex-type1/ipxt1-u83.enc}{/usr/local/texlive/2025/tex
mf-dist/fonts/enc/dvips/ipaex-type1/ipxt1-u91.enc}{/usr/local/texlive/2025/texm
f-dist/fonts/enc/dvips/ipaex-type1/ipxt1-u6a.enc}{/usr/local/texlive/2025/texmf
-dist/fonts/enc/dvips/ipaex-type1/ipxt1-u4f.enc}{/usr/local/texlive/2025/texmf-
dist/fonts/enc/dvips/ipaex-type1/ipxt1-u8b.enc}{/usr/local/texlive/2025/texmf-d
ist/fonts/enc/dvips/ipaex-type1/ipxt1-u70.enc}{/usr/local/texlive/2025/texmf-di
st/fonts/enc/dvips/ipaex-type1/ipxt1-u5c.enc}{/usr/local/texlive/2025/texmf-dis
t/fonts/enc/dvips/ipaex-type1/ipxt1-u84.enc}{/usr/local/texlive/2025/texmf-dist
/fonts/enc/dvips/ipaex-type1/ipxt1-u64.enc}{/usr/local/texlive/2025/texmf-dist/
fonts/enc/dvips/ipaex-type1/ipxt1-u7f.enc}{/usr/local/texlive/2025/texmf-dist/f
onts/enc/dvips/ipaex-type1/ipxt1-u5d.enc}{/usr/local/texlive/2025/texmf-dist/fo
nts/enc/dvips/ipaex-type1/ipxt1-u81.enc}{/usr/local/texlive/2025/texmf-dist/fon
ts/enc/dvips/ipaex-type1/ipxt1-u58.enc}{/usr/local/texlive/2025/texmf-dist/font
s/enc/dvips/ipaex-type1/ipxt1-u88.enc}{/usr/local/texlive/2025/texmf-dist/fonts
/enc/dvips/ipaex-type1/ipxt1-u57.enc}{/usr/local/texlive/2025/texmf-dist/fonts/
enc/dvips/ipaex-type1/ipxt1-u8e.enc}{/usr/local/texlive/2025/texmf-dist/fonts/e
nc/dvips/ipaex-type1/ipxt1-u82.enc}{/usr/local/texlive/2025/texmf-dist/fonts/en
c/dvips/ipaex-type1/ipxt1-u6e.enc}{/usr/local/texlive/2025/texmf-dist/fonts/enc
/dvips/ipaex-type1/ipxt1-u7e.enc}{/usr/local/texlive/2025/texmf-dist/fonts/enc/
dvips/ipaex-type1/ipxt1-u87.enc}{/usr/local/texlive/2025/texmf-dist/fonts/enc/d
vips/ipaex-type1/ipxt1-u54.enc}]
<figures/system_block_diagram.png, id=255, 686.565pt x 348.3414pt>
File: figures/system_block_diagram.png Graphic file (type png)
<use figures/system_block_diagram.png>
Package pdftex.def Info: figures/system_block_diagram.png  used on input line 1
00.
(pdftex.def)             Requested size: 225.96579pt x 114.64473pt.
<figures/model_validation_synthetic.png, id=260, 722.7pt x 578.16pt>
File: figures/model_validation_synthetic.png Graphic file (type png)
<use figures/model_validation_synthetic.png>
Package pdftex.def Info: figures/model_validation_synthetic.png  used on input 
line 117.
(pdftex.def)             Requested size: 225.96579pt x 180.77159pt.


<figures/control_law.png, id=263, 578.16pt x 433.62pt>
File: figures/control_law.png Graphic file (type png)
<use figures/control_law.png>
Package pdftex.def Info: figures/control_law.png  used on input line 137.
(pdftex.def)             Requested size: 200.86061pt x 150.64447pt.
<figures/personality_comparison.png, id=266, 722.7pt x 433.62pt>
File: figures/personality_comparison.png Graphic file (type png)
<use figures/personality_comparison.png>
Package pdftex.def Info: figures/personality_comparison.png  used on input line
 153.
(pdftex.def)             Requested size: 225.96579pt x 135.57869pt.
LaTeX Font Info:    Font shape `C70/ipxm/bx/n'
(Font)              in size <9> not available.
(Font)              Font shape `C70/ipxm/m/n'
(Font)              tried instead on input line 176.


[2{/usr/local/texlive/2025/texmf-dist/fonts/enc/dvips/ipaex-type1/ipxt1-u56.enc
}{/usr/local/texlive/2025/texmf-dist/fonts/enc/dvips/ipaex-type1/ipxt1-u71.enc}
{/usr/local/texlive/2025/texmf-dist/fonts/enc/dvips/ipaex-type1/ipxt1-u6f.enc}{
/usr/local/texlive/2025/texmf-dist/fonts/enc/dvips/ipaex-type1/ipxt1-u6d.enc} <
./figures/system_block_diagram.png> <./figures/model_validation_synthetic.png> 
<./figures/control_law.png>]

<figures/phase1_30min.png, id=293, 722.7pt x 433.62pt>
File: figures/phase1_30min.png Graphic file (type png)
<use figures/phase1_30min.png>
Package pdftex.def Info: figures/phase1_30min.png  used on input line 209.
(pdftex.def)             Requested size: 200.86061pt x 120.51292pt.
<figures/phase2_30min.png, id=294, 722.7pt x 433.62pt>
File: figures/phase2_30min.png Graphic file (type png)
<use figures/phase2_30min.png>
Package pdftex.def Info: figures/phase2_30min.png  used on input line 214.
(pdftex.def)             Requested size: 200.86061pt x 120.51292pt.
<figures/phase3_30min.png, id=295, 722.7pt x 433.62pt>
File: figures/phase3_30min.png Graphic file (type png)
<use figures/phase3_30min.png>
Package pdftex.def Info: figures/phase3_30min.png  used on input line 219.
(pdftex.def)             Requested size: 200.86061pt x 120.51292pt.


[3{/usr/local/texlive/2025/texmf-dist/fonts/enc/dvips/ipaex-type1/ipxt1-u93.enc
}{/usr/local/texlive/2025/texmf-dist/fonts/enc/dvips/ipaex-type1/ipxt1-u85.enc}
{/usr/local/texlive/2025/texmf-dist/fonts/enc/dvips/ipaex-type1/ipxt1-u99.enc}{
/usr/local/texlive/2025/texmf-dist/fonts/enc/dvips/cm-super/cm-super-ts1.enc} <
./figures/personality_comparison.png> <./figures/phase1_30min.png> <./figures/p
hase2_30min.png> <./figures/phase3_30min.png>]
<figures/phase4_30min.png, id=316, 722.7pt x 433.62pt>
File: figures/phase4_30min.png Graphic file (type png)
<use figures/phase4_30min.png>
Package pdftex.def Info: figures/phase4_30min.png  used on input line 252.
(pdftex.def)             Requested size: 225.96579pt x 135.57869pt.


<figures/concept_ai_support.jpg, id=321, 1027.84pt x 685.56125pt>
File: figures/concept_ai_support.jpg Graphic file (type jpg)
<use figures/concept_ai_support.jpg>
Package pdftex.def Info: figures/concept_ai_support.jpg  used on input line 293
.
(pdftex.def)             Requested size: 225.96579pt x 150.70886pt.


[4{/usr/local/texlive/2025/texmf-dist/fonts/enc/dvips/ipaex-type1/ipxt1-u9e.enc
} <./figures/phase4_30min.png> <./figures/concept_ai_support.jpg>]



[5] (./sice_paper.aux)
 ***********
LaTeX2e <2024-11-01> patch level 2
L3 programming layer <2025-01-18>
 ***********
Package rerunfilecheck Info: File `sice_paper.out' has not changed.
(rerunfilecheck)             Checksum: A90B03EABAA1CADCC9D26FDFC8A459CA;3118.
 ) 
Here is how much of TeX's memory you used:
 17607 strings out of 473190
 274750 string characters out of 5715800
 714902 words of memory out of 5000000
 39682 multiletter control sequences out of 15000+600000
 606970 words of font info for 200 fonts, out of 8000000 for 9000
 1141 hyphenation exceptions out of 8191
 75i,11n,79p,818b,1954s stack positions out of 10000i,1000n,20000p,200000b,200000s
</usr/local/texlive/2025/texmf-dist/fonts/type1/public/amsfonts/cm/cmex10.pfb
></usr/local/texlive/2025/texmf-dist/fonts/type1/public/amsfonts/cm/cmmi10.pfb>
</usr/local/texlive/2025/texmf-dist/fonts/type1/public/amsfonts/cm/cmmi7.pfb></
usr/local/texlive/2025/texmf-dist/fonts/type1/public/amsfonts/cm/cmmi9.pfb></us
r/local/texlive/2025/texmf-dist/fonts/type1/public/amsfonts/cm/cmr10.pfb></usr/
local/texlive/2025/texmf-dist/fonts/type1/public/amsfonts/cm/cmr7.pfb></usr/loc
al/texlive/2025/texmf-dist/fonts/type1/public/amsfonts/cm/cmsy10.pfb></usr/loca
l/texlive/2025/texmf-dist/fonts/type1/public/ipaex-type1/ipxm-r-u30.pfb></usr/l
ocal/texlive/2025/texmf-dist/fonts/type1/public/ipaex-type1/ipxm-r-u4e.pfb></us
r/local/texlive/2025/texmf-dist/fonts/type1/public/ipaex-type1/ipxm-r-u4f.pfb><
/usr/local/texlive/2025/texmf-dist/fonts/type1/public/ipaex-type1/ipxm-r-u50.pf
b></usr/local/texlive/2025/texmf-dist/fonts/type1/public/ipaex-type1/ipxm-r-u51
.pfb></usr/local/texlive/2025/texmf-dist/fonts/type1/public/ipaex-type1/ipxm-r-
u52.pfb></usr/local/texlive/2025/texmf-dist/fonts/type1/public/ipaex-type1/ipxm
-r-u53.pfb></usr/local/texlive/2025/texmf-dist/fonts/type1/public/ipaex-type1/i
pxm-r-u54.pfb></usr/local/texlive/2025/texmf-dist/fonts/type1/public/ipaex-type
1/ipxm-r-u55.pfb></usr/local/texlive/2025/texmf-dist/fonts/type1/public/ipaex-t
ype1/ipxm-r-u56.pfb></usr/local/texlive/2025/texmf-dist/fonts/type1/public/ipae
x-type1/ipxm-r-u57.pfb></usr/local/texlive/2025/texmf-dist/fonts/type1/public/i
paex-type1/ipxm-r-u58.pfb></usr/local/texlive/2025/texmf-dist/fonts/type1/publi
c/ipaex-type1/ipxm-r-u59.pfb></usr/local/texlive/2025/texmf-dist/fonts/type1/pu
blic/ipaex-type1/ipxm-r-u5b.pfb></usr/local/texlive/2025/texmf-dist/fonts/type1
/public/ipaex-type1/ipxm-r-u5c.pfb></usr/local/texlive/2025/texmf-dist/fonts/ty
pe1/public/ipaex-type1/ipxm-r-u5d.pfb></usr/local/texlive/2025/texmf-dist/fonts
/type1/public/ipaex-type1/ipxm-r-u5e.pfb></usr/local/texlive/2025/texmf-dist/fo
nts/type1/public/ipaex-type1/ipxm-r-u5f.pfb></usr/local/texlive/2025/texmf-dist
/fonts/type1/public/ipaex-type1/ipxm-r-u60.pfb></usr/local/texlive/2025/texmf-d
ist/fonts/type1/public/ipaex-type1/ipxm-r-u61.pfb></usr/local/texlive/2025/texm
f-dist/fonts/type1/public/ipaex-type1/ipxm-r-u62.pfb></usr/local/texlive/2025/t
exmf-dist/fonts/type1/public/ipaex-type1/ipxm-r-u63.pfb></usr/local/texlive/202
5/texmf-dist/fonts/type1/public/ipaex-type1/ipxm-r-u64.pfb></usr/local/texlive/
2025/texmf-dist/fonts/type1/public/ipaex-type1/ipxm-r-u65.pfb></usr/local/texli
ve/2025/texmf-dist/fonts/type1/public/ipaex-type1/ipxm-r-u66.pfb></usr/local/te
xlive/2025/texmf-dist/fonts/type1/public/ipaex-type1/ipxm-r-u67.pfb></usr/local
/texlive/2025/texmf-dist/fonts/type1/public/ipaex-type1/ipxm-r-u68.pfb></usr/lo
cal/texlive/2025/texmf-dist/fonts/type1/public/ipaex-type1/ipxm-r-u69.pfb></usr
/local/texlive/2025/texmf-dist/fonts/type1/public/ipaex-type1/ipxm-r-u6a.pfb></
usr/local/texlive/2025/texmf-dist/fonts/type1/public/ipaex-type1/ipxm-r-u6b.pfb
></usr/local/texlive/2025/texmf-dist/fonts/type1/public/ipaex-type1/ipxm-r-u6c.
pfb></usr/local/texlive/2025/texmf-dist/fonts/type1/public/ipaex-type1/ipxm-r-u
6d.pfb></usr/local/texlive/2025/texmf-dist/fonts/type1/public/ipaex-type1/ipxm-
r-u6e.pfb></usr/local/texlive/2025/texmf-dist/fonts/type1/public/ipaex-type1/ip
xm-r-u6f.pfb></usr/local/texlive/2025/texmf-dist/fonts/type1/public/ipaex-type1
/ipxm-r-u70.pfb></usr/local/texlive/2025/texmf-dist/fonts/type1/public/ipaex-ty
pe1/ipxm-r-u71.pfb></usr/local/texlive/2025/texmf-dist/fonts/type1/public/ipaex
-type1/ipxm-r-u72.pfb></usr/local/texlive/2025/texmf-dist/fonts/type1/public/ip
aex-type1/ipxm-r-u73.pfb></usr/local/texlive/2025/texmf-dist/fonts/type1/public
/ipaex-type1/ipxm-r-u74.pfb></usr/local/texlive/2025/texmf-dist/fonts/type1/pub
lic/ipaex-type1/ipxm-r-u75.pfb></usr/local/texlive/2025/texmf-dist/fonts/type1/
public/ipaex-type1/ipxm-r-u76.pfb></usr/local/texlive/2025/texmf-dist/fonts/typ
e1/public/ipaex-type1/ipxm-r-u77.pfb></usr/local/texlive/2025/texmf-dist/fonts/
type1/public/ipaex-type1/ipxm-r-u78.pfb></usr/local/texlive/2025/texmf-dist/fon
ts/type1/public/ipaex-type1/ipxm-r-u79.pfb></usr/local/texlive/2025/texmf-dist/
fonts/type1/public/ipaex-type1/ipxm-r-u7a.pfb></usr/local/texlive/2025/texmf-di
st/fonts/type1/public/ipaex-type1/ipxm-r-u7b.pfb></usr/local/texlive/2025/texmf
-dist/fonts/type1/public/ipaex-type1/ipxm-r-u7c.pfb></usr/local/texlive/2025/te
xmf-dist/fonts/type1/public/ipaex-type1/ipxm-r-u7d.pfb></usr/local/texlive/2025
/texmf-dist/fonts/type1/public/ipaex-type1/ipxm-r-u7e.pfb></usr/local/texlive/2
025/texmf-dist/fonts/type1/public/ipaex-type1/ipxm-r-u7f.pfb></usr/local/texliv
e/2025/texmf-dist/fonts/type1/public/ipaex-type1/ipxm-r-u80.pfb></usr/local/tex
live/2025/texmf-dist/fonts/type1/public/ipaex-type1/ipxm-r-u81.pfb></usr/local/
texlive/2025/texmf-dist/fonts/type1/public/ipaex-type1/ipxm-r-u82.pfb></usr/loc
al/texlive/2025/texmf-dist/fonts/type1/public/ipaex-type1/ipxm-r-u83.pfb></usr/
local/texlive/2025/texmf-dist/fonts/type1/public/ipaex-type1/ipxm-r-u84.pfb></u
sr/local/texlive/2025/texmf-dist/fonts/type1/public/ipaex-type1/ipxm-r-u85.pfb>
</usr/local/texlive/2025/texmf-dist/fonts/type1/public/ipaex-type1/ipxm-r-u87.p
fb></usr/local/texlive/2025/texmf-dist/fonts/type1/public/ipaex-type1/ipxm-r-u8
8.pfb></usr/local/texlive/2025/texmf-dist/fonts/type1/public/ipaex-type1/ipxm-r
-u89.pfb></usr/local/texlive/2025/texmf-dist/fonts/type1/public/ipaex-type1/ipx
m-r-u8a.pfb></usr/local/texlive/2025/texmf-dist/fonts/type1/public/ipaex-type1/
ipxm-r-u8b.pfb></usr/local/texlive/2025/texmf-dist/fonts/type1/public/ipaex-typ
e1/ipxm-r-u8c.pfb></usr/local/texlive/2025/texmf-dist/fonts/type1/public/ipaex-
type1/ipxm-r-u8d.pfb></usr/local/texlive/2025/texmf-dist/fonts/type1/public/ipa
ex-type1/ipxm-r-u8e.pfb></usr/local/texlive/2025/texmf-dist/fonts/type1/public/
ipaex-type1/ipxm-r-u8f.pfb></usr/local/texlive/2025/texmf-dist/fonts/type1/publ
ic/ipaex-type1/ipxm-r-u90.pfb></usr/local/texlive/2025/texmf-dist/fonts/type1/p
ublic/ipaex-type1/ipxm-r-u91.pfb></usr/local/texlive/2025/texmf-dist/fonts/type
1/public/ipaex-type1/ipxm-r-u92.pfb></usr/local/texlive/2025/texmf-dist/fonts/t
ype1/public/ipaex-type1/ipxm-r-u93.pfb></usr/local/texlive/2025/texmf-dist/font
s/type1/public/ipaex-type1/ipxm-r-u95.pfb></usr/local/texlive/2025/texmf-dist/f
onts/type1/public/ipaex-type1/ipxm-r-u96.pfb></usr/local/texlive/2025/texmf-dis
t/fonts/type1/public/ipaex-type1/ipxm-r-u97.pfb></usr/local/texlive/2025/texmf-
dist/fonts/type1/public/ipaex-type1/ipxm-r-u98.pfb></usr/local/texlive/2025/tex
mf-dist/fonts/type1/public/ipaex-type1/ipxm-r-u99.pfb></usr/local/texlive/2025/
texmf-dist/fonts/type1/public/ipaex-type1/ipxm-r-u9a.pfb></usr/local/texlive/20
25/texmf-dist/fonts/type1/public/ipaex-type1/ipxm-r-u9e.pfb></usr/local/texlive
/2025/texmf-dist/fonts/type1/public/ipaex-type1/ipxm-r-uff.pfb></usr/local/texl
ive/2025/texmf-dist/fonts/type1/public/cm-super/sfbx0900.pfb></usr/local/texliv
e/2025/texmf-dist/fonts/type1/public/cm-super/sfbx1000.pfb></usr/local/texlive/
2025/texmf-dist/fonts/type1/public/cm-super/sfbx1200.pfb></usr/local/texlive/20
25/texmf-dist/fonts/type1/public/cm-super/sfbx1440.pfb></usr/local/texlive/2025
/texmf-dist/fonts/type1/public/cm-super/sfrm0900.pfb></usr/local/texlive/2025/t
exmf-dist/fonts/type1/public/cm-super/sfrm1000.pfb></usr/local/texlive/2025/tex
mf-dist/fonts/type1/public/cm-super/sfti1000.pfb>
Output written on sice_paper.pdf (5 pages, 1960631 bytes).
PDF statistics:
 819 PDF objects out of 1000 (max. 8388607)
 529 compressed objects within 6 object streams
 60 named destinations out of 1000 (max. 500000)
 546 words of extra memory for PDF output out of 10000 (max. 10000000)

